NotePad-master/app/build/intermediates/manifest_merge_blame_file/debug/manifest-merger-blame-debug-report.txt
1<?xml version="1.0" encoding="utf-8"?>
2<!--
3 Copyright (C) 2007 The Android Open Source Project
4
5     Licensed under the Apache License, Version 2.0 (the "License");
6     you may not use this file except in compliance with the License.
7     You may obtain a copy of the License at
8
9          http://www.apache.org/licenses/LICENSE-2.0
10
11     Unless required by applicable law or agreed to in writing, software
12     distributed under the License is distributed on an "AS IS" BASIS,
13     WITHOUT WARRANTIES OR CONDITIONS OF ANY KIND, either express or implied.
14     See the License for the specific language governing permissions and
15     limitations under the License.
16-->
17<!-- Base application theme. -->
18<!--
19 Declare the contents of this Android application.  The namespace
20     attribute brings in the Android platform namespace, and the package
21     supplies a unique name for the application.  When writing your
22     own application, the package name must be changed from "com.example.*"
23     to come from a domain that you own or have control over.
24-->
25<manifest xmlns:android="http://schemas.android.com/apk/res/android"
26    package="com.example.android.notepad" >
27
28    <uses-sdk
29        android:minSdkVersion="27"
29-->src\main\AndroidManifest.xml
30        android:targetSdkVersion="31" />
30-->src\main\AndroidManifest.xml
31
32    <uses-permission android:name="android.permission.WRITE_EXTERNAL_STORAGE" />
32-->src\main\AndroidManifest.xml:26:5-81
32-->src\main\AndroidManifest.xml:26:22-78
33    <uses-permission android:name="android.permission.CAMERA" />
33-->src\main\AndroidManifest.xml:27:5-65
33-->src\main\AndroidManifest.xml:27:22-62
34    <uses-permission android:name="android.permission.READ_EXTERNAL_STORAGE" />
34-->src\main\AndroidManifest.xml:28:5-80
34-->src\main\AndroidManifest.xml:28:22-77
35
36    <application
36-->src\main\AndroidManifest.xml:30:5-141:19
37        android:appComponentFactory="androidx.core.app.CoreComponentFactory"
37-->[androidx.core:core:1.3.1] AndroidManifest.xml:24:18-86
38        android:debuggable="true"
39        android:extractNativeLibs="false"
40        android:icon="@drawable/notebook"
40-->src\main\AndroidManifest.xml:31:9-42
41        android:label="@string/app_name"
41-->src\main\AndroidManifest.xml:32:9-41
42        android:requestLegacyExternalStorage="true"
42-->src\main\AndroidManifest.xml:33:9-52
43        android:testOnly="true" >
44        <provider
44-->src\main\AndroidManifest.xml:35:9-40:20
45            android:name="com.example.android.notepad.NotePadProvider"
45-->src\main\AndroidManifest.xml:36:13-43
46            android:authorities="com.google.provider.NotePad"
46-->src\main\AndroidManifest.xml:37:13-62
47            android:exported="false" >
47-->src\main\AndroidManifest.xml:38:13-37
48            <grant-uri-permission android:pathPattern=".*" />
48-->src\main\AndroidManifest.xml:39:13-62
48-->src\main\AndroidManifest.xml:39:35-59
49        </provider>
50
51        <activity
51-->src\main\AndroidManifest.xml:42:9-65:20
52            android:name="com.example.android.notepad.NotesList"
52-->src\main\AndroidManifest.xml:43:13-37
53            android:exported="true"
53-->src\main\AndroidManifest.xml:44:13-36
54            android:label="@string/title_notes_list" >
54-->src\main\AndroidManifest.xml:45:13-53
55            <intent-filter>
55-->src\main\AndroidManifest.xml:46:13-49:29
56                <action android:name="android.intent.action.MAIN" />
56-->src\main\AndroidManifest.xml:47:17-69
56-->src\main\AndroidManifest.xml:47:25-66
57
58                <category android:name="android.intent.category.LAUNCHER" />
58-->src\main\AndroidManifest.xml:48:17-77
58-->src\main\AndroidManifest.xml:48:27-74
59            </intent-filter>
60            <intent-filter android:scheme="http" >
60-->src\main\AndroidManifest.xml:50:13-59:29
60-->src\main\AndroidManifest.xml:51:17-38
61                <action android:name="android.intent.action.VIEW" />
61-->src\main\AndroidManifest.xml:53:17-69
61-->src\main\AndroidManifest.xml:53:25-66
62                <action android:name="android.intent.action.EDIT" />
62-->src\main\AndroidManifest.xml:54:17-69
62-->src\main\AndroidManifest.xml:54:25-66
63                <action android:name="android.intent.action.PICK" />
63-->src\main\AndroidManifest.xml:55:17-69
63-->src\main\AndroidManifest.xml:55:25-66
64
65                <category android:name="android.intent.category.DEFAULT" />
65-->src\main\AndroidManifest.xml:57:17-76
65-->src\main\AndroidManifest.xml:57:27-73
66
67                <data android:mimeType="vnd.android.cursor.dir/vnd.google.note" />
67-->src\main\AndroidManifest.xml:58:17-83
67-->src\main\AndroidManifest.xml:58:23-80
68            </intent-filter>
69            <intent-filter>
69-->src\main\AndroidManifest.xml:60:13-64:29
70                <action android:name="android.intent.action.GET_CONTENT" />
70-->src\main\AndroidManifest.xml:61:17-76
70-->src\main\AndroidManifest.xml:61:25-73
71
72                <category android:name="android.intent.category.DEFAULT" />
72-->src\main\AndroidManifest.xml:57:17-76
72-->src\main\AndroidManifest.xml:57:27-73
73
74                <data android:mimeType="vnd.android.cursor.item/vnd.google.note" />
74-->src\main\AndroidManifest.xml:58:17-83
74-->src\main\AndroidManifest.xml:58:23-80
75            </intent-filter>
76        </activity>
77        <activity
77-->src\main\AndroidManifest.xml:67:9-99:20
78            android:name="com.example.android.notepad.NoteEditor"
78-->src\main\AndroidManifest.xml:68:13-38
79            android:configChanges="keyboardHidden|orientation"
79-->src\main\AndroidManifest.xml:70:13-63
80            android:exported="true"
80-->src\main\AndroidManifest.xml:71:13-36
81            android:screenOrientation="sensor" >
81-->src\main\AndroidManifest.xml:72:13-47
82
83            <!--
84                 This filter says that we can view or edit the data of
85                 a single note
86            -->
87            <intent-filter
87-->src\main\AndroidManifest.xml:75:13-85:29
88                android:label="@string/resolve_edit"
88-->src\main\AndroidManifest.xml:76:17-53
89                android:scheme="http" >
89-->src\main\AndroidManifest.xml:77:17-38
90                <action android:name="android.intent.action.VIEW" />
90-->src\main\AndroidManifest.xml:53:17-69
90-->src\main\AndroidManifest.xml:53:25-66
91                <action android:name="android.intent.action.EDIT" />
91-->src\main\AndroidManifest.xml:54:17-69
91-->src\main\AndroidManifest.xml:54:25-66
92                <action android:name="com.android.notepad.action.EDIT_NOTE" />
92-->src\main\AndroidManifest.xml:81:17-79
92-->src\main\AndroidManifest.xml:81:25-76
93
94                <category android:name="android.intent.category.DEFAULT" />
94-->src\main\AndroidManifest.xml:57:17-76
94-->src\main\AndroidManifest.xml:57:27-73
95
96                <data android:mimeType="vnd.android.cursor.item/vnd.google.note" />
96-->src\main\AndroidManifest.xml:58:17-83
96-->src\main\AndroidManifest.xml:58:23-80
97            </intent-filter>
98
99            <!--
100                 This filter says that we can create a new note inside
101                 of a directory of notes.  The INSERT action creates an
102                 empty note; the PASTE action initializes a new note from
103                 the current contents of the clipboard.
104            -->
105            <intent-filter>
105-->src\main\AndroidManifest.xml:91:13-97:29
106                <action android:name="android.intent.action.INSERT" />
106-->src\main\AndroidManifest.xml:92:17-71
106-->src\main\AndroidManifest.xml:92:25-68
107                <action android:name="android.intent.action.PASTE" />
107-->src\main\AndroidManifest.xml:93:17-70
107-->src\main\AndroidManifest.xml:93:25-67
108
109                <category android:name="android.intent.category.DEFAULT" />
109-->src\main\AndroidManifest.xml:57:17-76
109-->src\main\AndroidManifest.xml:57:27-73
110
111                <data android:mimeType="vnd.android.cursor.dir/vnd.google.note" />
111-->src\main\AndroidManifest.xml:58:17-83
111-->src\main\AndroidManifest.xml:58:23-80
112            </intent-filter>
113        </activity>
114        <activity
114-->src\main\AndroidManifest.xml:101:9-128:20
115            android:name="com.example.android.notepad.TitleEditor"
115-->src\main\AndroidManifest.xml:102:13-39
116            android:exported="true"
116-->src\main\AndroidManifest.xml:103:13-36
117            android:icon="@drawable/ic_menu_edit"
117-->src\main\AndroidManifest.xml:104:13-50
118            android:label="@string/title_edit_title"
118-->src\main\AndroidManifest.xml:105:13-53
119            android:theme="@android:style/Theme.Holo.Dialog"
119-->src\main\AndroidManifest.xml:106:13-61
120            android:windowSoftInputMode="stateVisible" >
120-->src\main\AndroidManifest.xml:107:13-55
121
122            <!--
123                 This activity implements an alternative action that can be
124                 performed on notes: editing their title.  It can be used as
125                 a default operation if the user invokes this action, and is
126                 available as an alternative action for any note data.
127            -->
128            <intent-filter android:label="@string/resolve_title" >
128-->src\main\AndroidManifest.xml:112:13-127:29
128-->src\main\AndroidManifest.xml:112:28-65
129
130                <!--
131                     This is the action we perform.  It is a custom action we
132                     define for our application, not a generic VIEW or EDIT
133                     action since we are not a general note viewer/editor.
134                -->
135                <action android:name="com.android.notepad.action.EDIT_TITLE" />
135-->src\main\AndroidManifest.xml:116:17-80
135-->src\main\AndroidManifest.xml:116:25-77
136                <!-- DEFAULT: execute if being directly invoked. -->
137                <category android:name="android.intent.category.DEFAULT" />
137-->src\main\AndroidManifest.xml:57:17-76
137-->src\main\AndroidManifest.xml:57:27-73
138                <!--
139                     ALTERNATIVE: show as an alternative action when the user is
140                     working with this type of data.
141                -->
142                <category android:name="android.intent.category.ALTERNATIVE" />
142-->src\main\AndroidManifest.xml:121:17-80
142-->src\main\AndroidManifest.xml:121:27-77
143                <!--
144                     SELECTED_ALTERNATIVE: show as an alternative action the user
145                     can perform when selecting this type of data.
146                -->
147                <category android:name="android.intent.category.SELECTED_ALTERNATIVE" />
147-->src\main\AndroidManifest.xml:124:17-89
147-->src\main\AndroidManifest.xml:124:27-86
148                <!-- This is the data type we operate on. -->
149                <data android:mimeType="vnd.android.cursor.item/vnd.google.note" />
149-->src\main\AndroidManifest.xml:58:17-83
149-->src\main\AndroidManifest.xml:58:23-80
150            </intent-filter>
151        </activity>
152        <activity
152-->src\main\AndroidManifest.xml:130:9-139:20
153            android:name="com.example.android.notepad.NotesLiveFolder"
153-->src\main\AndroidManifest.xml:131:13-43
154            android:exported="true"
154-->src\main\AndroidManifest.xml:132:13-36
155            android:icon="@drawable/live_folder_notes"
155-->src\main\AndroidManifest.xml:133:13-55
156            android:label="@string/live_folder_name" >
156-->src\main\AndroidManifest.xml:134:13-53
157            <intent-filter>
157-->src\main\AndroidManifest.xml:135:13-138:29
158                <action android:name="android.intent.action.CREATE_LIVE_FOLDER" />
158-->src\main\AndroidManifest.xml:136:17-83
158-->src\main\AndroidManifest.xml:136:25-80
159
160                <category android:name="android.intent.category.DEFAULT" />
160-->src\main\AndroidManifest.xml:57:17-76
160-->src\main\AndroidManifest.xml:57:27-73
161            </intent-filter>
162        </activity>
163    </application>
164
165</manifest>